<?xml version="1.0" encoding="UTF-8"?>
<testng-results ignored="0" total="1" passed="1" failed="0" skipped="0">
  <reporter-output>
  </reporter-output>
  <suite started-at="2023-09-29T14:43:29 IST" name="Default suite" finished-at="2023-09-29T14:44:28 IST" duration-ms="58819">
    <groups>
    </groups>
    <test started-at="2023-09-29T14:43:29 IST" name="Default test" finished-at="2023-09-29T14:44:28 IST" duration-ms="58819">
      <class name="udemy.FM1">
        <test-method signature="login()[pri:0, instance:udemy.FM1@4a83a74a]" started-at="2023-09-29T14:43:29 IST" name="login" finished-at="2023-09-29T14:44:28 IST" duration-ms="58598" status="PASS">
          <reporter-output>
          </reporter-output>
        </test-method> <!-- login -->
      </class> <!-- udemy.FM1 -->
    </test> <!-- Default test -->
  </suite> <!-- Default suite -->
</testng-results>
